<?xml version="1.0" encoding="UTF-8"?>
<!-- Generated by org.testng.reporters.JUnitReportReporter -->
<testsuite hostname="hp-pc" failures="0" tests="2" name="com.actitime.qa.testcases.LogonPageTest" time="39.560" errors="0" timestamp="21 Sep 2022 03:10:19 GMT" skipped="1">
  <testcase classname="com.actitime.qa.testcases.LogonPageTest" name="loginPageLogoTest" time="39.560"/>
  <testcase classname="com.actitime.qa.testcases.LogonPageTest" name="LoginTest" time="0.000">
    <skipped/>
  </testcase> <!-- LoginTest -->
</testsuite> <!-- com.actitime.qa.testcases.LogonPageTest -->
