<?xml version="1.0" encoding="UTF-8"?>
<!-- Generated by org.testng.reporters.JUnitReportReporter -->
<testsuite hostname="hp-pc" failures="0" tests="2" name="com.actitime.qa.testcases.UsersPageTest" time="67.532" errors="0" timestamp="21 Sep 2022 10:31:56 GMT" skipped="0">
  <testcase classname="com.actitime.qa.testcases.UsersPageTest" name="usersTableTest" time="29.826"/>
  <testcase classname="com.actitime.qa.testcases.UsersPageTest" name="userListLinkTest" time="37.706"/>
</testsuite> <!-- com.actitime.qa.testcases.UsersPageTest -->
