<?xml version="1.0" encoding="UTF-8"?>
<!-- Generated by org.testng.reporters.JUnitReportReporter -->
<testsuite hostname="hp-pc" failures="0" tests="1" name="com.actitime.qa.testcases.HomePageTest" time="31.686" errors="0" timestamp="22 Sep 2022 10:02:33 GMT" skipped="0">
  <testcase classname="com.actitime.qa.testcases.HomePageTest" name="homePageLogoTest" time="31.686"/>
</testsuite> <!-- com.actitime.qa.testcases.HomePageTest -->
