<?xml version="1.0" encoding="UTF-8"?>
<!-- Generated by org.testng.reporters.JUnitReportReporter -->
<testsuite hostname="hp-pc" failures="0" tests="2" name="com.actitime.qa.testcases.HomePageTest" time="62.947" errors="0" timestamp="21 Sep 2022 03:11:50 GMT" skipped="0">
  <testcase classname="com.actitime.qa.testcases.HomePageTest" name="homePageLogoTest" time="29.394"/>
  <testcase classname="com.actitime.qa.testcases.HomePageTest" name="homePageTaskLinkTest" time="33.553"/>
</testsuite> <!-- com.actitime.qa.testcases.HomePageTest -->
