<?xml version="1.0" encoding="UTF-8"?>
<!-- Generated by org.testng.reporters.JUnitReportReporter -->
<testsuite hostname="hp-pc" failures="0" tests="5" name="com.actitime.qa.testcases.LogonPageTest" time="87.924" errors="0" timestamp="21 Sep 2022 10:31:55 GMT" skipped="0">
  <testcase classname="com.actitime.qa.testcases.LogonPageTest" name="loginPageLogoTest" time="17.523"/>
  <testcase classname="com.actitime.qa.testcases.LogonPageTest" name="LoginTest" time="17.837"/>
  <testcase classname="com.actitime.qa.testcases.LogonPageTest" name="LoginTest" time="18.484"/>
  <testcase classname="com.actitime.qa.testcases.LogonPageTest" name="LoginTest" time="16.435"/>
  <testcase classname="com.actitime.qa.testcases.LogonPageTest" name="LoginTest" time="17.645"/>
</testsuite> <!-- com.actitime.qa.testcases.LogonPageTest -->
